<?xml version="1.0" encoding="UTF-8"?>
<testsuite name="testcases.IndexPageTest" tests="2" skipped="0" failures="0" errors="0" timestamp="2023-01-29T10:05:54" hostname="DESKTOP-6GFGUQ4" time="7.835">
  <properties/>
  <testcase name="verifyLogo" classname="testcases.IndexPageTest" time="0.039"/>
  <testcase name="verifyTitle" classname="testcases.IndexPageTest" time="0.014"/>
  <system-out><![CDATA[Login To Rokomari | Rokomari.com
]]></system-out>
  <system-err><![CDATA[Starting ChromeDriver 109.0.5414.74 (e7c5703604daa9cc128ccf5a5d3e993513758913-refs/branch-heads/5414@{#1172}) on port 59598
Only local connections are allowed.
Please see https://chromedriver.chromium.org/security-considerations for suggestions on keeping ChromeDriver safe.
ChromeDriver was started successfully.
Jan 29, 2023 2:05:48 AM org.openqa.selenium.remote.ProtocolHandshake createSession
INFO: Detected upstream dialect: W3C
Jan 29, 2023 2:05:48 AM org.openqa.selenium.devtools.CdpVersionFinder findNearestMatch
WARNING: Unable to find an exact match for CDP version 109, so returning the closest version found: 106
Jan 29, 2023 2:05:48 AM org.openqa.selenium.devtools.CdpVersionFinder findNearestMatch
INFO: Found CDP implementation for version 109 of 106
Starting ChromeDriver 109.0.5414.74 (e7c5703604daa9cc128ccf5a5d3e993513758913-refs/branch-heads/5414@{#1172}) on port 57329
Only local connections are allowed.
Please see https://chromedriver.chromium.org/security-considerations for suggestions on keeping ChromeDriver safe.
ChromeDriver was started successfully.
Jan 29, 2023 2:05:55 AM org.openqa.selenium.remote.ProtocolHandshake createSession
INFO: Detected upstream dialect: W3C
Jan 29, 2023 2:05:55 AM org.openqa.selenium.devtools.CdpVersionFinder findNearestMatch
WARNING: Unable to find an exact match for CDP version 109, so returning the closest version found: 106
Jan 29, 2023 2:05:55 AM org.openqa.selenium.devtools.CdpVersionFinder findNearestMatch
INFO: Found CDP implementation for version 109 of 106
]]></system-err>
</testsuite>
